10.03.2020 14:17:01	Этот журнал содержит сведения об операции импорта схемы в проект "Database" на компьютере "DESKTOP-FSB000O", выполненной пользователем "user".
10.03.2020 14:17:01	Импорт схемы базы данных начат.
10.03.2020 14:17:05	Идет сбор параметров базы данных
10.03.2020 14:17:05	Идет сбор пользователей
10.03.2020 14:17:05	Идет сбор ролей
10.03.2020 14:17:05	Идет сбор ролей приложений
10.03.2020 14:17:05	Идет сбор членств ролей
10.03.2020 14:17:05	Идет сбор файловых групп
10.03.2020 14:17:05	Идет сбор полнотекстовых каталогов
10.03.2020 14:17:05	Идет сбор сборок
10.03.2020 14:17:05	Идет сбор сертификатов
10.03.2020 14:17:05	Идет сбор асимметричных ключей
10.03.2020 14:17:05	Идет сбор симметричных ключей
10.03.2020 14:17:05	Идет сбор зашифрованных симметричных ключей
10.03.2020 14:17:05	Идет сбор схем
10.03.2020 14:17:05	Идет сбор коллекции схем XML
10.03.2020 14:17:05	Идет сбор определяемых пользователем типов данных
10.03.2020 14:17:05	Идет сбор определяемых пользователем типов
10.03.2020 14:17:05	Идет сбор табличных типов
10.03.2020 14:17:05	Сбор уникальных ключей для табличных типов
10.03.2020 14:17:05	Идет сбор первичных ключей для табличных типов
10.03.2020 14:17:05	Сбор индексов для табличных типов
10.03.2020 14:17:05	Идет сбор проверочных ограничений для табличных типов
10.03.2020 14:17:05	Идет сбор ограничений по умолчанию для табличных типов
10.03.2020 14:17:05	Идет сбор функций секционирования
10.03.2020 14:17:05	Идет сбор схем секционирования
10.03.2020 14:17:05	Идет сбор функций
10.03.2020 14:17:06	Сбор зашифрованных функций
10.03.2020 14:17:06	Идет сбор статистических выражений
10.03.2020 14:17:06	Идет сбор процедур
10.03.2020 14:17:06	Сбор зашифрованных процедур
10.03.2020 14:17:06	Идет сбор таблиц
10.03.2020 14:17:06	Идет сбор первичных ключей
10.03.2020 14:17:06	Идет сбор ограничений уникальности
10.03.2020 14:17:06	Идет сбор внешних ключей
10.03.2020 14:17:06	Идет сбор ограничений по умолчанию
10.03.2020 14:17:06	Идет сбор проверочных ограничений
10.03.2020 14:17:06	Идет сбор представлений
10.03.2020 14:17:06	Сбор зашифрованных представлений
10.03.2020 14:17:06	Идет сбор индексов
10.03.2020 14:17:06	Идет сбор статистики
10.03.2020 14:17:06	Идет сбор списков стоп-слов полнотекстовых индексов
10.03.2020 14:17:06	Сбор списков свойств поиска
10.03.2020 14:17:06	Сбор свойств поиска
10.03.2020 14:17:06	Идет сбор полнотекстовых индексов
10.03.2020 14:17:06	Сбор индексов хранилища столбцов
10.03.2020 14:17:06	Идет сбор пространственных индексов
10.03.2020 14:17:06	Идет сбор XML-индексов
10.03.2020 14:17:06	Сбор селективных XML-индексов
10.03.2020 14:17:06	Сбор зашифрованных триггеров
10.03.2020 14:17:06	Идет сбор триггеров
10.03.2020 14:17:06	Идет сбор зашифрованных триггеров и триггеров ddl clr
10.03.2020 14:17:06	Идет сбор триггеров ddl
10.03.2020 14:17:06	Идет сбор синонимов
10.03.2020 14:17:06	Идет сбор значений по умолчанию
10.03.2020 14:17:06	Идет сбор привязок uddt ограничений данных
10.03.2020 14:17:06	Идет сбор правил
10.03.2020 14:17:06	Идет сбор привязок uddt ограничений данных
10.03.2020 14:17:06	Идет сбор типов сообщений
10.03.2020 14:17:06	Идет сбор списков ожидания
10.03.2020 14:17:06	Идет сбор контрактов
10.03.2020 14:17:06	Идет сбор служб
10.03.2020 14:17:06	Идет сбор уведомлений о событиях
10.03.2020 14:17:06	Идет сбор привязок удаленных служб
10.03.2020 14:17:06	Идет сбор приоритетов брокера
10.03.2020 14:17:06	Идет сбор подписей
10.03.2020 14:17:06	Идет сбор параметров сжатия данных
10.03.2020 14:17:06	Сбор типов последовательностей
10.03.2020 14:17:06	Идет сбор расширенных свойств
10.03.2020 14:17:06	Идет сбор учетных данных
10.03.2020 14:17:06	Идет сбор имен входа
10.03.2020 14:17:06	Идет сбор аудитов сервера
10.03.2020 14:17:07	Выполняется проверка проекта на наличие повторяющихся элементов
10.03.2020 14:17:07	Обработка повторяющегося элемента завершена
10.03.2020 14:17:07	Импорт базы данных завершен.
10.03.2020 14:17:07	summary операции импорта была сохранена по следующему пути: D:\Programms\C#\MyWebApi\MyWebApi\V2.0\Database\Журналы импорта схем\Database_20200310121701.log
10.03.2020 14:17:07	Для продолжения нажмите кнопку ''Готово''...
