29.02.2020 13:25:25	Этот журнал содержит сведения об операции импорта схемы в проект "Database" на компьютере "DESKTOP-FSB000O", выполненной пользователем "user".
29.02.2020 13:25:25	Импорт схемы базы данных начат.
29.02.2020 13:25:29	Идет сбор параметров базы данных
29.02.2020 13:25:29	Идет сбор пользователей
29.02.2020 13:25:29	Идет сбор ролей
29.02.2020 13:25:29	Идет сбор ролей приложений
29.02.2020 13:25:29	Идет сбор членств ролей
29.02.2020 13:25:29	Идет сбор файловых групп
29.02.2020 13:25:29	Идет сбор полнотекстовых каталогов
29.02.2020 13:25:29	Идет сбор сборок
29.02.2020 13:25:29	Идет сбор сертификатов
29.02.2020 13:25:29	Идет сбор асимметричных ключей
29.02.2020 13:25:29	Идет сбор симметричных ключей
29.02.2020 13:25:29	Идет сбор зашифрованных симметричных ключей
29.02.2020 13:25:29	Идет сбор схем
29.02.2020 13:25:30	Идет сбор коллекции схем XML
29.02.2020 13:25:30	Идет сбор определяемых пользователем типов данных
29.02.2020 13:25:30	Идет сбор определяемых пользователем типов
29.02.2020 13:25:30	Идет сбор табличных типов
29.02.2020 13:25:30	Сбор уникальных ключей для табличных типов
29.02.2020 13:25:30	Идет сбор первичных ключей для табличных типов
29.02.2020 13:25:30	Сбор индексов для табличных типов
29.02.2020 13:25:30	Идет сбор проверочных ограничений для табличных типов
29.02.2020 13:25:30	Идет сбор ограничений по умолчанию для табличных типов
29.02.2020 13:25:30	Идет сбор функций секционирования
29.02.2020 13:25:30	Идет сбор схем секционирования
29.02.2020 13:25:30	Идет сбор функций
29.02.2020 13:25:30	Сбор зашифрованных функций
29.02.2020 13:25:30	Идет сбор статистических выражений
29.02.2020 13:25:30	Идет сбор процедур
29.02.2020 13:25:30	Сбор зашифрованных процедур
29.02.2020 13:25:30	Идет сбор таблиц
29.02.2020 13:25:30	Идет сбор первичных ключей
29.02.2020 13:25:30	Идет сбор ограничений уникальности
29.02.2020 13:25:30	Идет сбор внешних ключей
29.02.2020 13:25:30	Идет сбор ограничений по умолчанию
29.02.2020 13:25:30	Идет сбор проверочных ограничений
29.02.2020 13:25:30	Идет сбор представлений
29.02.2020 13:25:30	Сбор зашифрованных представлений
29.02.2020 13:25:30	Идет сбор индексов
29.02.2020 13:25:30	Идет сбор статистики
29.02.2020 13:25:30	Идет сбор списков стоп-слов полнотекстовых индексов
29.02.2020 13:25:30	Сбор списков свойств поиска
29.02.2020 13:25:30	Сбор свойств поиска
29.02.2020 13:25:30	Идет сбор полнотекстовых индексов
29.02.2020 13:25:30	Сбор индексов хранилища столбцов
29.02.2020 13:25:30	Идет сбор пространственных индексов
29.02.2020 13:25:30	Идет сбор XML-индексов
29.02.2020 13:25:30	Сбор селективных XML-индексов
29.02.2020 13:25:30	Сбор зашифрованных триггеров
29.02.2020 13:25:30	Идет сбор триггеров
29.02.2020 13:25:30	Идет сбор зашифрованных триггеров и триггеров ddl clr
29.02.2020 13:25:30	Идет сбор триггеров ddl
29.02.2020 13:25:30	Идет сбор синонимов
29.02.2020 13:25:30	Идет сбор значений по умолчанию
29.02.2020 13:25:30	Идет сбор привязок uddt ограничений данных
29.02.2020 13:25:30	Идет сбор правил
29.02.2020 13:25:30	Идет сбор привязок uddt ограничений данных
29.02.2020 13:25:30	Идет сбор типов сообщений
29.02.2020 13:25:30	Идет сбор списков ожидания
29.02.2020 13:25:30	Идет сбор контрактов
29.02.2020 13:25:30	Идет сбор служб
29.02.2020 13:25:30	Идет сбор уведомлений о событиях
29.02.2020 13:25:30	Идет сбор привязок удаленных служб
29.02.2020 13:25:30	Идет сбор приоритетов брокера
29.02.2020 13:25:30	Идет сбор подписей
29.02.2020 13:25:30	Идет сбор параметров сжатия данных
29.02.2020 13:25:30	Сбор типов последовательностей
29.02.2020 13:25:30	Идет сбор расширенных свойств
29.02.2020 13:25:30	Идет сбор учетных данных
29.02.2020 13:25:30	Идет сбор имен входа
29.02.2020 13:25:30	Идет сбор аудитов сервера
29.02.2020 13:25:31	Выполняется проверка проекта на наличие повторяющихся элементов
29.02.2020 13:25:31	Обработка повторяющегося элемента завершена
29.02.2020 13:25:32	Импорт базы данных завершен.
29.02.2020 13:25:32	summary операции импорта была сохранена по следующему пути: D:\Programms\C#\Курсовая2_2\V2.0\Database\Журналы импорта схем\Database_20200229112525.log
29.02.2020 13:25:32	Для продолжения нажмите кнопку ''Готово''...
